<?xml version="1.0" encoding="UTF-8"?>
<!-- Generated by org.testng.reporters.JUnitReportReporter -->
<testsuite hostname="romul-pc" name="ru.st.selenium.Login" tests="1" failures="0" timestamp="20 Apr 2013 18:43:38 GMT" time="6.643" errors="0">
  <testcase name="testLogin" time="6.643" classname="ru.st.selenium.Login"/>
</testsuite> <!-- ru.st.selenium.Login -->
