<?xml version="1.0" encoding="UTF-8"?>
<!-- Generated by org.testng.reporters.JUnitReportReporter -->
<testsuite hostname="romul-pc" name="ru.st.selenium.RemoveFilm2" tests="1" failures="0" timestamp="20 Apr 2013 18:43:38 GMT" time="1.948" errors="0">
  <testcase name="testRemoveFilm2" time="1.948" classname="ru.st.selenium.RemoveFilm2"/>
</testsuite> <!-- ru.st.selenium.RemoveFilm2 -->
