<?xml version="1.0" encoding="UTF-8"?>
<!-- Generated by org.testng.reporters.JUnitReportReporter -->
<testsuite hostname="romul-pc" name="ru.st.selenium.Logout" tests="1" failures="0" timestamp="20 Apr 2013 18:43:38 GMT" time="2.366" errors="0">
  <testcase name="testLogout" time="2.366" classname="ru.st.selenium.Logout"/>
</testsuite> <!-- ru.st.selenium.Logout -->
