<?xml version="1.0" encoding="UTF-8"?>
<!-- Generated by org.testng.reporters.JUnitReportReporter -->
<testsuite hostname="romul-pc" name="ru.st.selenium.AddFilm" tests="1" failures="0" timestamp="20 Apr 2013 18:43:38 GMT" time="11.948" errors="0">
  <testcase name="testAddFilm" time="11.948" classname="ru.st.selenium.AddFilm"/>
</testsuite> <!-- ru.st.selenium.AddFilm -->
